<html>
<body>
<pre>
<h1>Vision Build Log</h1>
<h2>Project:</h2>
C:\Users\Administrator\Desktop\AT89C51\AT89C51.uvproj
Project File Date:  03/27/2024

<h2>Output:</h2>
Build target '目标 1'
Target has no object modules
目标未创建
Build target '目标 1'
Target has no object modules
目标未创建
Build target '目标 1'
Target has no object modules
目标未创建
Build target '目标 1'
assembling AT89C51.asm...
AT89C51.asm(20): error A38: NUMBER OF OPERANDS DOES NOT MATCH INSTRUCTION
AT89C51.asm(20): error A9: SYNTAX ERROR
目标未创建
Build target '目标 1'
assembling AT89C51.asm...
AT89C51.asm(20): error A38: NUMBER OF OPERANDS DOES NOT MATCH INSTRUCTION
AT89C51.asm(20): error A9: SYNTAX ERROR
目标未创建
Build target '目标 1'
assembling AT89C51.asm...
AT89C51.asm(20): error A38: NUMBER OF OPERANDS DOES NOT MATCH INSTRUCTION
AT89C51.asm(20): error A9: SYNTAX ERROR
目标未创建
Build target '目标 1'
assembling AT89C51.asm...
AT89C51.asm(20): error A38: NUMBER OF OPERANDS DOES NOT MATCH INSTRUCTION
AT89C51.asm(20): error A9: SYNTAX ERROR
目标未创建
Build target '目标 1'
assembling AT89C51.asm...
AT89C51.asm(20): error A38: NUMBER OF OPERANDS DOES NOT MATCH INSTRUCTION
AT89C51.asm(20): error A9: SYNTAX ERROR
目标未创建
Build target '目标 1'
assembling AT89C51.asm...
AT89C51.asm(20): error A38: NUMBER OF OPERANDS DOES NOT MATCH INSTRUCTION
AT89C51.asm(20): error A9: SYNTAX ERROR
目标未创建
Build target '目标 1'
assembling AT89C51.asm...
AT89C51.asm(20): error A38: NUMBER OF OPERANDS DOES NOT MATCH INSTRUCTION
AT89C51.asm(20): error A9: SYNTAX ERROR
目标未创建
Build target '目标 1'
assembling AT89C51.asm...
AT89C51.asm(20): error A38: NUMBER OF OPERANDS DOES NOT MATCH INSTRUCTION
AT89C51.asm(20): error A9: SYNTAX ERROR
目标未创建
Build target '目标 1'
assembling AT89C51.asm...
AT89C51.asm(20): error A38: NUMBER OF OPERANDS DOES NOT MATCH INSTRUCTION
AT89C51.asm(20): error A9: SYNTAX ERROR
目标未创建
Build target '目标 1'
assembling AT89C51.asm...
AT89C51.asm(20): error A38: NUMBER OF OPERANDS DOES NOT MATCH INSTRUCTION
AT89C51.asm(20): error A9: SYNTAX ERROR
目标未创建
Build target '目标 1'
assembling AT89C51.asm...
AT89C51.asm(20): error A38: NUMBER OF OPERANDS DOES NOT MATCH INSTRUCTION
AT89C51.asm(20): error A9: SYNTAX ERROR
目标未创建
Build target '目标 1'
assembling AT89C51.asm...
AT89C51.asm(20): error A38: NUMBER OF OPERANDS DOES NOT MATCH INSTRUCTION
AT89C51.asm(20): error A9: SYNTAX ERROR
目标未创建
Build target '目标 1'
assembling AT89C51.asm...
AT89C51.asm(20): error A38: NUMBER OF OPERANDS DOES NOT MATCH INSTRUCTION
AT89C51.asm(20): error A9: SYNTAX ERROR
目标未创建
Build target '目标 1'
assembling AT89C51.asm...
AT89C51.asm(20): error A38: NUMBER OF OPERANDS DOES NOT MATCH INSTRUCTION
AT89C51.asm(20): error A9: SYNTAX ERROR
目标未创建
Build target '目标 1'
assembling AT89C51.asm...
AT89C51.asm(20): error A38: NUMBER OF OPERANDS DOES NOT MATCH INSTRUCTION
AT89C51.asm(20): error A9: SYNTAX ERROR
目标未创建
Build target '目标 1'
assembling AT89C51.asm...
linking...
Program Size: data=8.0 xdata=0 code=272
creating hex file from "AT89C51"...
"AT89C51" - 0 Error(s), 0 Warning(s).
Build target '目标 1'
assembling AT89C51.asm...
linking...
Program Size: data=8.0 xdata=0 code=272
creating hex file from "AT89C51"...
"AT89C51" - 0 Error(s), 0 Warning(s).
Build target '目标 1'
assembling AT89C51.asm...
assembling think.asm...
think.asm(8): error A38: NUMBER OF OPERANDS DOES NOT MATCH INSTRUCTION
think.asm(9): error A9: SYNTAX ERROR
目标未创建
Build target '目标 1'
assembling think.asm...
think.asm(8): error A38: NUMBER OF OPERANDS DOES NOT MATCH INSTRUCTION
think.asm(9): error A9: SYNTAX ERROR
目标未创建
Build target '目标 1'
assembling AT89C51.asm...
assembling think.asm...
think.asm(8): error A38: NUMBER OF OPERANDS DOES NOT MATCH INSTRUCTION
think.asm(9): error A9: SYNTAX ERROR
目标未创建
Build target '目标 1'
assembling AT89C51.asm...
assembling think.asm...
think.asm(8): error A38: NUMBER OF OPERANDS DOES NOT MATCH INSTRUCTION
think.asm(9): error A9: SYNTAX ERROR
目标未创建
Build target '目标 1'
assembling AT89C51.asm...
assembling think.asm...
think.asm(8): error A45: UNDEFINED SYMBOL (PASS-2)
目标未创建
Build target '目标 1'
assembling AT89C51.asm...
assembling think.asm...
think.asm(8): error A9: SYNTAX ERROR
目标未创建
Build target '目标 1'
assembling AT89C51.asm...
assembling think.asm...
think.asm(6): error A9: SYNTAX ERROR
目标未创建
Build target '目标 1'
assembling AT89C51.asm...
assembling think.asm...
linking...
*** WARNING L5: CODE SPACE MEMORY OVERLAP
    FROM:    0000H
    TO:      010FH
Program Size: data=8.0 xdata=0 code=521
creating hex file from "AT89C51"...
"AT89C51" - 0 Error(s), 1 Warning(s).
Build target '目标 1'
assembling AT89C51.asm...
assembling think.asm...
linking...
*** WARNING L5: CODE SPACE MEMORY OVERLAP
    FROM:    0000H
    TO:      010FH
Program Size: data=8.0 xdata=0 code=521
creating hex file from "AT89C51"...
"AT89C51" - 0 Error(s), 1 Warning(s).
Build target '目标 1'
assembling AT89C51.asm...
assembling think.asm...
linking...
*** WARNING L5: CODE SPACE MEMORY OVERLAP
    FROM:    0000H
    TO:      010FH
Program Size: data=8.0 xdata=0 code=281
creating hex file from "AT89C51"...
"AT89C51" - 0 Error(s), 1 Warning(s).
Build target '目标 1'
assembling think.asm...
linking...
*** WARNING L5: CODE SPACE MEMORY OVERLAP
    FROM:    0000H
    TO:      010FH
Program Size: data=8.0 xdata=0 code=521
creating hex file from "AT89C51"...
"AT89C51" - 0 Error(s), 1 Warning(s).
Build target '目标 1'
assembling think.asm...
linking...
*** WARNING L5: CODE SPACE MEMORY OVERLAP
    FROM:    0000H
    TO:      010FH
Program Size: data=8.0 xdata=0 code=521
creating hex file from "AT89C51"...
"AT89C51" - 0 Error(s), 1 Warning(s).
